<?xml version="1.0" encoding="UTF-8"?>
<testsuite name="org.choongang.Exam01ApplicationTests" tests="1" skipped="0" failures="0" errors="0" timestamp="2023-12-21T00:39:27" hostname="DESKTOP-JQK6VR2" time="0.681">
  <properties/>
  <testcase name="contextLoads()" classname="org.choongang.Exam01ApplicationTests" time="0.681"/>
  <system-out><![CDATA[09:39:25.391 [Test worker] INFO org.springframework.test.context.support.AnnotationConfigContextLoaderUtils -- Could not detect default configuration classes for test class [org.choongang.Exam01ApplicationTests]: Exam01ApplicationTests does not declare any static, non-private, non-final, nested classes annotated with @Configuration.
09:39:25.484 [Test worker] INFO org.springframework.boot.test.context.SpringBootTestContextBootstrapper -- Found @SpringBootConfiguration org.choongang.Exam01Application for test class org.choongang.Exam01ApplicationTests

  .   ____          _            __ _ _
 /\\ / ___'_ __ _ _(_)_ __  __ _ \ \ \ \
( ( )\___ | '_ | '_| | '_ \/ _` | \ \ \ \
 \\/  ___)| |_)| | | | | || (_| |  ) ) ) )
  '  |____| .__|_| |_|_| |_\__, | / / / /
 =========|_|==============|___/=/_/_/_/
 :: Spring Boot ::                (v3.2.0)

2023-12-21T09:39:25.827+09:00  INFO 5600 --- [    Test worker] org.choongang.Exam01ApplicationTests     : Starting Exam01ApplicationTests using Java 17.0.8.1 with PID 5600 (started by admin in D:\yeji\5.스프링부트\exam01)
2023-12-21T09:39:25.828+09:00  INFO 5600 --- [    Test worker] org.choongang.Exam01ApplicationTests     : No active profile set, falling back to 1 default profile: "default"
2023-12-21T09:39:26.586+09:00  INFO 5600 --- [    Test worker] .s.d.r.c.RepositoryConfigurationDelegate : Bootstrapping Spring Data JDBC repositories in DEFAULT mode.
2023-12-21T09:39:26.600+09:00  INFO 5600 --- [    Test worker] .s.d.r.c.RepositoryConfigurationDelegate : Finished Spring Data repository scanning in 10 ms. Found 0 JDBC repository interfaces.
2023-12-21T09:39:27.415+09:00  INFO 5600 --- [    Test worker] com.zaxxer.hikari.HikariDataSource       : HikariPool-1 - Starting...
2023-12-21T09:39:27.419+09:00  WARN 5600 --- [    Test worker] c.zaxxer.hikari.util.DriverDataSource    : Registered driver with driverClassName=oracle.jdbc.driver.OracleDriver was not found, trying direct instantiation.
2023-12-21T09:39:27.714+09:00  INFO 5600 --- [    Test worker] com.zaxxer.hikari.pool.HikariPool        : HikariPool-1 - Added connection oracle.jdbc.driver.T4CConnection@534762ed
2023-12-21T09:39:27.716+09:00  INFO 5600 --- [    Test worker] com.zaxxer.hikari.HikariDataSource       : HikariPool-1 - Start completed.
2023-12-21T09:39:27.863+09:00  INFO 5600 --- [    Test worker] org.choongang.Exam01ApplicationTests     : Started Exam01ApplicationTests in 2.242 seconds (process running for 3.248)
]]></system-out>
  <system-err><![CDATA[]]></system-err>
</testsuite>
